#
# There is insufficient memory for the Java Runtime Environment to continue.
# Native memory allocation (mmap) failed to map 716177408 bytes for committing reserved memory.
# Possible reasons:
#   The system is out of physical RAM or swap space
#   In 32 bit mode, the process size limit was hit
# Possible solutions:
#   Reduce memory load on the system
#   Increase physical memory or swap space
#   Check if swap backing store is full
#   Use 64 bit Java on a 64 bit OS
#   Decrease Java heap size (-Xmx/-Xms)
#   Decrease number of Java threads
#   Decrease Java thread stack sizes (-Xss)
#   Set larger code cache with -XX:ReservedCodeCacheSize=
# This output file may be truncated or incomplete.
#
#  Out of Memory Error (os_linux.cpp:2627), pid=23495, tid=140240811280128
#
# JRE version:  (8.0_66-b17) (build )
# Java VM: Java HotSpot(TM) 64-Bit Server VM (25.66-b17 mixed mode linux-amd64 compressed oops)
# Failed to write core dump. Core dumps have been disabled. To enable core dumping, try "ulimit -c unlimited" before starting Java again
#

---------------  T H R E A D  ---------------

Current thread (0x00007f8c54008800):  JavaThread "Unknown thread" [_thread_in_vm, id=23496, stack(0x00007f8c5bad4000,0x00007f8c5bbd5000)]

Stack: [0x00007f8c5bad4000,0x00007f8c5bbd5000],  sp=0x00007f8c5bbd33b0,  free space=1020k
Native frames: (J=compiled Java code, j=interpreted, Vv=VM code, C=native code)
V  [libjvm.so+0xab9a1a]  VMError::report_and_die()+0x2ba
V  [libjvm.so+0x4f9e0b]  report_vm_out_of_memory(char const*, int, unsigned long, VMErrorType, char const*)+0x8b
V  [libjvm.so+0x91a8a3]  os::Linux::commit_memory_impl(char*, unsigned long, bool)+0x103
V  [libjvm.so+0x91adf9]  os::pd_commit_memory(char*, unsigned long, unsigned long, bool)+0x29
V  [libjvm.so+0x91510a]  os::commit_memory(char*, unsigned long, unsigned long, bool)+0x2a
V  [libjvm.so+0x9887a3]  PSVirtualSpace::expand_by(unsigned long)+0x53
V  [libjvm.so+0x9788e7]  PSOldGen::initialize(ReservedSpace, unsigned long, char const*, int)+0xb7
V  [libjvm.so+0x2d81ba]  AdjoiningGenerations::AdjoiningGenerations(ReservedSpace, GenerationSizer*, unsigned long)+0x39a
V  [libjvm.so+0x93dbc6]  ParallelScavengeHeap::initialize()+0x1d6
V  [libjvm.so+0xa8224b]  Universe::initialize_heap()+0xfb
V  [libjvm.so+0xa825be]  universe_init()+0x3e
V  [libjvm.so+0x6388f5]  init_globals()+0x65
V  [libjvm.so+0xa667be]  Threads::create_vm(JavaVMInitArgs*, bool*)+0x23e
V  [libjvm.so+0x6cce14]  JNI_CreateJavaVM+0x74
C  [libjli.so+0x745e]  JavaMain+0x9e
C  [libpthread.so.0+0x74a4]  start_thread+0xc4


---------------  P R O C E S S  ---------------

Java Threads: ( => current thread )

Other Threads:

=>0x00007f8c54008800 (exited) JavaThread "Unknown thread" [_thread_in_vm, id=23496, stack(0x00007f8c5bad4000,0x00007f8c5bbd5000)]

VM state:not at safepoint (not fully initialized)

VM Mutex/Monitor currently owned by a thread: None

GC Heap History (0 events):
No events

Deoptimization events (0 events):
No events

Internal exceptions (0 events):
No events

Events (0 events):
No events


Dynamic libraries:
00400000-00401000 r-xp 00000000 08:03 2643961                            /usr/lib/jvm/java-8-jdk/jre/bin/java
00600000-00601000 rw-p 00000000 08:03 2643961                            /usr/lib/jvm/java-8-jdk/jre/bin/java
024cf000-024f0000 rw-p 00000000 00:00 0                                  [heap]
eab00000-100000000 rw-p 00000000 00:00 0 
7f8c4c000000-7f8c4c270000 rwxp 00000000 00:00 0 
7f8c4c270000-7f8c54000000 ---p 00000000 00:00 0 
7f8c54000000-7f8c54032000 rw-p 00000000 00:00 0 
7f8c54032000-7f8c58000000 ---p 00000000 00:00 0 
7f8c58c46000-7f8c58ecb000 rw-p 00000000 00:00 0 
7f8c58ecb000-7f8c59020000 ---p 00000000 00:00 0 
7f8c59020000-7f8c590d6000 rw-p 00000000 00:00 0 
7f8c590d6000-7f8c592cc000 ---p 00000000 00:00 0 
7f8c592cc000-7f8c592e6000 r-xp 00000000 08:03 2646352                    /usr/lib/jvm/java-8-jdk/jre/lib/amd64/libzip.so
7f8c592e6000-7f8c594e6000 ---p 0001a000 08:03 2646352                    /usr/lib/jvm/java-8-jdk/jre/lib/amd64/libzip.so
7f8c594e6000-7f8c594e7000 rw-p 0001a000 08:03 2646352                    /usr/lib/jvm/java-8-jdk/jre/lib/amd64/libzip.so
7f8c594e7000-7f8c594f2000 r-xp 00000000 08:03 2493616                    /usr/lib/libnss_files-2.22.so
7f8c594f2000-7f8c596f1000 ---p 0000b000 08:03 2493616                    /usr/lib/libnss_files-2.22.so
7f8c596f1000-7f8c596f2000 r--p 0000a000 08:03 2493616                    /usr/lib/libnss_files-2.22.so
7f8c596f2000-7f8c596f3000 rw-p 0000b000 08:03 2493616                    /usr/lib/libnss_files-2.22.so
7f8c596f3000-7f8c596f9000 rw-p 00000000 00:00 0 
7f8c596f9000-7f8c59723000 r-xp 00000000 08:03 2646357                    /usr/lib/jvm/java-8-jdk/jre/lib/amd64/libjava.so
7f8c59723000-7f8c59923000 ---p 0002a000 08:03 2646357                    /usr/lib/jvm/java-8-jdk/jre/lib/amd64/libjava.so
7f8c59923000-7f8c59925000 rw-p 0002a000 08:03 2646357                    /usr/lib/jvm/java-8-jdk/jre/lib/amd64/libjava.so
7f8c59925000-7f8c59932000 r-xp 00000000 08:03 2646353                    /usr/lib/jvm/java-8-jdk/jre/lib/amd64/libverify.so
7f8c59932000-7f8c59b32000 ---p 0000d000 08:03 2646353                    /usr/lib/jvm/java-8-jdk/jre/lib/amd64/libverify.so
7f8c59b32000-7f8c59b34000 rw-p 0000d000 08:03 2646353                    /usr/lib/jvm/java-8-jdk/jre/lib/amd64/libverify.so
7f8c59b34000-7f8c59b3b000 r-xp 00000000 08:03 2493624                    /usr/lib/librt-2.22.so
7f8c59b3b000-7f8c59d3a000 ---p 00007000 08:03 2493624                    /usr/lib/librt-2.22.so
7f8c59d3a000-7f8c59d3b000 r--p 00006000 08:03 2493624                    /usr/lib/librt-2.22.so
7f8c59d3b000-7f8c59d3c000 rw-p 00007000 08:03 2493624                    /usr/lib/librt-2.22.so
7f8c59d3c000-7f8c59e39000 r-xp 00000000 08:03 2493621                    /usr/lib/libm-2.22.so
7f8c59e39000-7f8c5a038000 ---p 000fd000 08:03 2493621                    /usr/lib/libm-2.22.so
7f8c5a038000-7f8c5a039000 r--p 000fc000 08:03 2493621                    /usr/lib/libm-2.22.so
7f8c5a039000-7f8c5a03a000 rw-p 000fd000 08:03 2493621                    /usr/lib/libm-2.22.so
7f8c5a03a000-7f8c5acf8000 r-xp 00000000 08:03 2646394                    /usr/lib/jvm/java-8-jdk/jre/lib/amd64/server/libjvm.so
7f8c5acf8000-7f8c5aef7000 ---p 00cbe000 08:03 2646394                    /usr/lib/jvm/java-8-jdk/jre/lib/amd64/server/libjvm.so
7f8c5aef7000-7f8c5afd0000 rw-p 00cbd000 08:03 2646394                    /usr/lib/jvm/java-8-jdk/jre/lib/amd64/server/libjvm.so
7f8c5afd0000-7f8c5b014000 rw-p 00000000 00:00 0 
7f8c5b014000-7f8c5b1af000 r-xp 00000000 08:03 2493560                    /usr/lib/libc-2.22.so
7f8c5b1af000-7f8c5b3ae000 ---p 0019b000 08:03 2493560                    /usr/lib/libc-2.22.so
7f8c5b3ae000-7f8c5b3b2000 r--p 0019a000 08:03 2493560                    /usr/lib/libc-2.22.so
7f8c5b3b2000-7f8c5b3b4000 rw-p 0019e000 08:03 2493560                    /usr/lib/libc-2.22.so
7f8c5b3b4000-7f8c5b3b8000 rw-p 00000000 00:00 0 
7f8c5b3b8000-7f8c5b3bb000 r-xp 00000000 08:03 2493620                    /usr/lib/libdl-2.22.so
7f8c5b3bb000-7f8c5b5ba000 ---p 00003000 08:03 2493620                    /usr/lib/libdl-2.22.so
7f8c5b5ba000-7f8c5b5bb000 r--p 00002000 08:03 2493620                    /usr/lib/libdl-2.22.so
7f8c5b5bb000-7f8c5b5bc000 rw-p 00003000 08:03 2493620                    /usr/lib/libdl-2.22.so
7f8c5b5bc000-7f8c5b5d1000 r-xp 00000000 08:03 2910138                    /usr/lib/jvm/java-8-jdk/jre/lib/amd64/jli/libjli.so
7f8c5b5d1000-7f8c5b7d1000 ---p 00015000 08:03 2910138                    /usr/lib/jvm/java-8-jdk/jre/lib/amd64/jli/libjli.so
7f8c5b7d1000-7f8c5b7d2000 rw-p 00015000 08:03 2910138                    /usr/lib/jvm/java-8-jdk/jre/lib/amd64/jli/libjli.so
7f8c5b7d2000-7f8c5b7ea000 r-xp 00000000 08:03 2493533                    /usr/lib/libpthread-2.22.so
7f8c5b7ea000-7f8c5b9e9000 ---p 00018000 08:03 2493533                    /usr/lib/libpthread-2.22.so
7f8c5b9e9000-7f8c5b9ea000 r--p 00017000 08:03 2493533                    /usr/lib/libpthread-2.22.so
7f8c5b9ea000-7f8c5b9eb000 rw-p 00018000 08:03 2493533                    /usr/lib/libpthread-2.22.so
7f8c5b9eb000-7f8c5b9ef000 rw-p 00000000 00:00 0 
7f8c5b9ef000-7f8c5ba11000 r-xp 00000000 08:03 2493557                    /usr/lib/ld-2.22.so
7f8c5bad4000-7f8c5bad7000 ---p 00000000 00:00 0 
7f8c5bad7000-7f8c5bbd9000 rw-p 00000000 00:00 0                          [stack:23496]
7f8c5bc02000-7f8c5bc05000 rw-p 00000000 00:00 0 
7f8c5bc05000-7f8c5bc0d000 rw-s 00000000 00:23 324742                     /tmp/hsperfdata_eduardo/23495
7f8c5bc0d000-7f8c5bc0e000 rw-p 00000000 00:00 0 
7f8c5bc0e000-7f8c5bc0f000 r--p 00000000 00:00 0 
7f8c5bc0f000-7f8c5bc10000 rw-p 00000000 00:00 0 
7f8c5bc10000-7f8c5bc11000 r--p 00021000 08:03 2493557                    /usr/lib/ld-2.22.so
7f8c5bc11000-7f8c5bc12000 rw-p 00022000 08:03 2493557                    /usr/lib/ld-2.22.so
7f8c5bc12000-7f8c5bc13000 rw-p 00000000 00:00 0 
7ffc2674f000-7ffc26770000 rw-p 00000000 00:00 0                          [stack]
7ffc267b3000-7ffc267b5000 r--p 00000000 00:00 0                          [vvar]
7ffc267b5000-7ffc267b7000 r-xp 00000000 00:00 0                          [vdso]
ffffffffff600000-ffffffffff601000 r-xp 00000000 00:00 0                  [vsyscall]

VM Arguments:
jvm_args: -Xms1024m -Xmx1024m -XX:ReservedCodeCacheSize=128m -XX:MaxMetaspaceSize=256m 
java_command: /usr/share/sbt/bin/sbt-launch.jar update
java_class_path (initial): /usr/share/sbt/bin/sbt-launch.jar
Launcher Type: SUN_STANDARD

Environment Variables:
PATH=/usr/local/sbin:/usr/local/bin:/usr/bin:/opt/google-appengine-java/bin:/usr/lib/jvm/default/bin:/usr/bin/site_perl:/usr/bin/vendor_perl:/usr/bin/core_perl
USERNAME=eduardo
SHELL=/bin/bash
DISPLAY=:1

Signal Handlers:
SIGSEGV: [libjvm.so+0xaba2a0], sa_mask[0]=11111111011111111101111111111110, sa_flags=SA_RESTART|SA_SIGINFO
SIGBUS: [libjvm.so+0xaba2a0], sa_mask[0]=11111111011111111101111111111110, sa_flags=SA_RESTART|SA_SIGINFO
SIGFPE: [libjvm.so+0x917710], sa_mask[0]=11111111011111111101111111111110, sa_flags=SA_RESTART|SA_SIGINFO
SIGPIPE: [libjvm.so+0x917710], sa_mask[0]=11111111011111111101111111111110, sa_flags=SA_RESTART|SA_SIGINFO
SIGXFSZ: [libjvm.so+0x917710], sa_mask[0]=11111111011111111101111111111110, sa_flags=SA_RESTART|SA_SIGINFO
SIGILL: [libjvm.so+0x917710], sa_mask[0]=11111111011111111101111111111110, sa_flags=SA_RESTART|SA_SIGINFO
SIGUSR1: SIG_DFL, sa_mask[0]=00000000000000000000000000000000, sa_flags=none
SIGUSR2: [libjvm.so+0x918d40], sa_mask[0]=00000000000000000000000000000000, sa_flags=SA_RESTART|SA_SIGINFO
SIGHUP: SIG_DFL, sa_mask[0]=00000000000000000000000000000000, sa_flags=none
SIGINT: SIG_DFL, sa_mask[0]=00000000000000000000000000000000, sa_flags=none
SIGTERM: SIG_DFL, sa_mask[0]=00000000000000000000000000000000, sa_flags=none
SIGQUIT: SIG_DFL, sa_mask[0]=00000000000000000000000000000000, sa_flags=none


---------------  S Y S T E M  ---------------

OS:LSB_VERSION=1.4
DISTRIB_ID=Arch
DISTRIB_RELEASE=2015.04-ISO-Rolling
DISTRIB_DESCRIPTION=Antergos Linux

uname:Linux 4.2.5-1-ARCH #1 SMP PREEMPT Tue Oct 27 08:13:28 CET 2015 x86_64
libc:glibc 2.22 NPTL 2.22 
rlimit: STACK 8192k, CORE 0k, NPROC 23219, NOFILE 4096, AS infinity
load average:0.83 0.89 0.79

/proc/meminfo:
MemTotal:        6005888 kB
MemFree:          151116 kB
MemAvailable:     632244 kB
Buffers:           35604 kB
Cached:           883704 kB
SwapCached:            0 kB
Active:          5032856 kB
Inactive:         598572 kB
Active(anon):    4766332 kB
Inactive(anon):   394316 kB
Active(file):     266524 kB
Inactive(file):   204256 kB
Unevictable:          16 kB
Mlocked:              16 kB
SwapTotal:             0 kB
SwapFree:              0 kB
Dirty:               772 kB
Writeback:             0 kB
AnonPages:       4712900 kB
Mapped:           423296 kB
Shmem:            447872 kB
Slab:              86516 kB
SReclaimable:      46756 kB
SUnreclaim:        39760 kB
KernelStack:       11104 kB
PageTables:        50380 kB
NFS_Unstable:          0 kB
Bounce:                0 kB
WritebackTmp:          0 kB
CommitLimit:     3002944 kB
Committed_AS:    9743608 kB
VmallocTotal:   34359738367 kB
VmallocUsed:      575228 kB
VmallocChunk:   34358423548 kB
HardwareCorrupted:     0 kB
AnonHugePages:   2957312 kB
HugePages_Total:       0
HugePages_Free:        0
HugePages_Rsvd:        0
HugePages_Surp:        0
Hugepagesize:       2048 kB
DirectMap4k:      223996 kB
DirectMap2M:     5957632 kB


CPU:total 4 (2 cores per cpu, 2 threads per core) family 6 model 58 stepping 9, cmov, cx8, fxsr, mmx, sse, sse2, sse3, ssse3, sse4.1, sse4.2, popcnt, avx, aes, clmul, erms, ht, tsc, tscinvbit, tscinv

/proc/cpuinfo:
processor	: 0
vendor_id	: GenuineIntel
cpu family	: 6
model		: 58
model name	: Intel(R) Core(TM) i5-3210M CPU @ 2.50GHz
stepping	: 9
microcode	: 0x15
cpu MHz		: 2130.664
cache size	: 3072 KB
physical id	: 0
siblings	: 4
core id		: 0
cpu cores	: 2
apicid		: 0
initial apicid	: 0
fpu		: yes
fpu_exception	: yes
cpuid level	: 13
wp		: yes
flags		: fpu vme de pse tsc msr pae mce cx8 apic sep mtrr pge mca cmov pat pse36 clflush dts acpi mmx fxsr sse sse2 ss ht tm pbe syscall nx rdtscp lm constant_tsc arch_perfmon pebs bts rep_good nopl xtopology nonstop_tsc aperfmperf eagerfpu pni pclmulqdq dtes64 monitor ds_cpl vmx est tm2 ssse3 cx16 xtpr pdcm pcid sse4_1 sse4_2 x2apic popcnt tsc_deadline_timer aes xsave avx f16c rdrand lahf_lm ida arat epb pln pts dtherm tpr_shadow vnmi flexpriority ept vpid fsgsbase smep erms xsaveopt
bugs		:
bogomips	: 4990.45
clflush size	: 64
cache_alignment	: 64
address sizes	: 36 bits physical, 48 bits virtual
power management:

processor	: 1
vendor_id	: GenuineIntel
cpu family	: 6
model		: 58
model name	: Intel(R) Core(TM) i5-3210M CPU @ 2.50GHz
stepping	: 9
microcode	: 0x15
cpu MHz		: 1715.917
cache size	: 3072 KB
physical id	: 0
siblings	: 4
core id		: 0
cpu cores	: 2
apicid		: 1
initial apicid	: 1
fpu		: yes
fpu_exception	: yes
cpuid level	: 13
wp		: yes
flags		: fpu vme de pse tsc msr pae mce cx8 apic sep mtrr pge mca cmov pat pse36 clflush dts acpi mmx fxsr sse sse2 ss ht tm pbe syscall nx rdtscp lm constant_tsc arch_perfmon pebs bts rep_good nopl xtopology nonstop_tsc aperfmperf eagerfpu pni pclmulqdq dtes64 monitor ds_cpl vmx est tm2 ssse3 cx16 xtpr pdcm pcid sse4_1 sse4_2 x2apic popcnt tsc_deadline_timer aes xsave avx f16c rdrand lahf_lm ida arat epb pln pts dtherm tpr_shadow vnmi flexpriority ept vpid fsgsbase smep erms xsaveopt
bugs		:
bogomips	: 4990.45
clflush size	: 64
cache_alignment	: 64
address sizes	: 36 bits physical, 48 bits virtual
power management:

processor	: 2
vendor_id	: GenuineIntel
cpu family	: 6
model		: 58
model name	: Intel(R) Core(TM) i5-3210M CPU @ 2.50GHz
stepping	: 9
microcode	: 0x15
cpu MHz		: 2084.960
cache size	: 3072 KB
physical id	: 0
siblings	: 4
core id		: 1
cpu cores	: 2
apicid		: 2
initial apicid	: 2
fpu		: yes
fpu_exception	: yes
cpuid level	: 13
wp		: yes
flags		: fpu vme de pse tsc msr pae mce cx8 apic sep mtrr pge mca cmov pat pse36 clflush dts acpi mmx fxsr sse sse2 ss ht tm pbe syscall nx rdtscp lm constant_tsc arch_perfmon pebs bts rep_good nopl xtopology nonstop_tsc aperfmperf eagerfpu pni pclmulqdq dtes64 monitor ds_cpl vmx est tm2 ssse3 cx16 xtpr pdcm pcid sse4_1 sse4_2 x2apic popcnt tsc_deadline_timer aes xsave avx f16c rdrand lahf_lm ida arat epb pln pts dtherm tpr_shadow vnmi flexpriority ept vpid fsgsbase smep erms xsaveopt
bugs		:
bogomips	: 4990.45
clflush size	: 64
cache_alignment	: 64
address sizes	: 36 bits physical, 48 bits virtual
power management:

processor	: 3
vendor_id	: GenuineIntel
cpu family	: 6
model		: 58
model name	: Intel(R) Core(TM) i5-3210M CPU @ 2.50GHz
stepping	: 9
microcode	: 0x15
cpu MHz		: 2117.968
cache size	: 3072 KB
physical id	: 0
siblings	: 4
core id		: 1
cpu cores	: 2
apicid		: 3
initial apicid	: 3
fpu		: yes
fpu_exception	: yes
cpuid level	: 13
wp		: yes
flags		: fpu vme de pse tsc msr pae mce cx8 apic sep mtrr pge mca cmov pat pse36 clflush dts acpi mmx fxsr sse sse2 ss ht tm pbe syscall nx rdtscp lm constant_tsc arch_perfmon pebs bts rep_good nopl xtopology nonstop_tsc aperfmperf eagerfpu pni pclmulqdq dtes64 monitor ds_cpl vmx est tm2 ssse3 cx16 xtpr pdcm pcid sse4_1 sse4_2 x2apic popcnt tsc_deadline_timer aes xsave avx f16c rdrand lahf_lm ida arat epb pln pts dtherm tpr_shadow vnmi flexpriority ept vpid fsgsbase smep erms xsaveopt
bugs		:
bogomips	: 4990.45
clflush size	: 64
cache_alignment	: 64
address sizes	: 36 bits physical, 48 bits virtual
power management:



Memory: 4k page, physical 6005888k(151116k free), swap 0k(0k free)

vm_info: Java HotSpot(TM) 64-Bit Server VM (25.66-b17) for linux-amd64 JRE (1.8.0_66-b17), built on Oct  6 2015 17:28:34 by "java_re" with gcc 4.3.0 20080428 (Red Hat 4.3.0-8)

time: Fri Nov  6 01:34:08 2015
elapsed time: 0 seconds (0d 0h 0m 0s)

